Started GET "/" for ::1 at 2022-04-21 21:13:41 +0900
  [1m[35m (4.3ms)[0m  [1m[34mSELECT sqlite_version(*)[0m
Processing by Rails::WelcomeController#index as HTML
  Rendering C:/Ruby31-x64/lib/ruby/gems/3.1.0/gems/railties-7.0.2.3/lib/rails/templates/rails/welcome/index.html.erb
  Rendered C:/Ruby31-x64/lib/ruby/gems/3.1.0/gems/railties-7.0.2.3/lib/rails/templates/rails/welcome/index.html.erb (Duration: 4.2ms | Allocations: 637)
Completed 200 OK in 49ms (Views: 15.7ms | ActiveRecord: 0.0ms | Allocations: 5027)


Started GET "/" for ::1 at 2022-04-21 21:33:58 +0900
  [1m[35m (0.8ms)[0m  [1m[34mSELECT sqlite_version(*)[0m
  [1m[35m (7.6ms)[0m  [1m[35mCREATE TABLE "schema_migrations" ("version" varchar NOT NULL PRIMARY KEY)[0m
  [1m[35m (4.4ms)[0m  [1m[35mCREATE TABLE "ar_internal_metadata" ("key" varchar NOT NULL PRIMARY KEY, "value" varchar, "created_at" datetime(6) NOT NULL, "updated_at" datetime(6) NOT NULL)[0m
  [1m[36mActiveRecord::SchemaMigration Pluck (0.2ms)[0m  [1m[34mSELECT "schema_migrations"."version" FROM "schema_migrations" ORDER BY "schema_migrations"."version" ASC[0m
  
ActiveRecord::PendingMigrationError (

Migrations are pending. To resolve this issue, run:

        bin/rails db:migrate RAILS_ENV=development

You have 1 pending migration:

20220421122924_devise_create_users.rb


):
  
activerecord (7.0.2.3) lib/active_record/migration.rb:627:in `check_pending!'
activerecord (7.0.2.3) lib/active_record/migration.rb:592:in `block (2 levels) in call'
activesupport (7.0.2.3) lib/active_support/file_update_checker.rb:83:in `execute'
activerecord (7.0.2.3) lib/active_record/migration.rb:597:in `block in call'
activerecord (7.0.2.3) lib/active_record/migration.rb:589:in `synchronize'
activerecord (7.0.2.3) lib/active_record/migration.rb:589:in `call'
actionpack (7.0.2.3) lib/action_dispatch/middleware/callbacks.rb:27:in `block in call'
activesupport (7.0.2.3) lib/active_support/callbacks.rb:99:in `run_callbacks'
actionpack (7.0.2.3) lib/action_dispatch/middleware/callbacks.rb:26:in `call'
actionpack (7.0.2.3) lib/action_dispatch/middleware/executor.rb:14:in `call'
actionpack (7.0.2.3) lib/action_dispatch/middleware/actionable_exceptions.rb:17:in `call'
actionpack (7.0.2.3) lib/action_dispatch/middleware/debug_exceptions.rb:28:in `call'
web-console (4.2.0) lib/web_console/middleware.rb:132:in `call_app'
web-console (4.2.0) lib/web_console/middleware.rb:28:in `block in call'
web-console (4.2.0) lib/web_console/middleware.rb:17:in `catch'
web-console (4.2.0) lib/web_console/middleware.rb:17:in `call'
actionpack (7.0.2.3) lib/action_dispatch/middleware/show_exceptions.rb:26:in `call'
railties (7.0.2.3) lib/rails/rack/logger.rb:36:in `call_app'
railties (7.0.2.3) lib/rails/rack/logger.rb:25:in `block in call'
activesupport (7.0.2.3) lib/active_support/tagged_logging.rb:99:in `block in tagged'
activesupport (7.0.2.3) lib/active_support/tagged_logging.rb:37:in `tagged'
activesupport (7.0.2.3) lib/active_support/tagged_logging.rb:99:in `tagged'
railties (7.0.2.3) lib/rails/rack/logger.rb:25:in `call'
sprockets-rails (3.4.2) lib/sprockets/rails/quiet_assets.rb:13:in `call'
actionpack (7.0.2.3) lib/action_dispatch/middleware/remote_ip.rb:93:in `call'
actionpack (7.0.2.3) lib/action_dispatch/middleware/request_id.rb:26:in `call'
rack (2.2.3) lib/rack/method_override.rb:24:in `call'
rack (2.2.3) lib/rack/runtime.rb:22:in `call'
activesupport (7.0.2.3) lib/active_support/cache/strategy/local_cache_middleware.rb:29:in `call'
actionpack (7.0.2.3) lib/action_dispatch/middleware/server_timing.rb:20:in `call'
actionpack (7.0.2.3) lib/action_dispatch/middleware/executor.rb:14:in `call'
actionpack (7.0.2.3) lib/action_dispatch/middleware/static.rb:23:in `call'
rack (2.2.3) lib/rack/sendfile.rb:110:in `call'
actionpack (7.0.2.3) lib/action_dispatch/middleware/host_authorization.rb:137:in `call'
railties (7.0.2.3) lib/rails/engine.rb:530:in `call'
puma (5.6.4) lib/puma/configuration.rb:252:in `call'
puma (5.6.4) lib/puma/request.rb:77:in `block in handle_request'
puma (5.6.4) lib/puma/thread_pool.rb:340:in `with_force_shutdown'
puma (5.6.4) lib/puma/request.rb:76:in `handle_request'
puma (5.6.4) lib/puma/server.rb:441:in `process_client'
puma (5.6.4) lib/puma/thread_pool.rb:147:in `block in spawn_thread'
  [1m[35m (0.8ms)[0m  [1m[34mSELECT sqlite_version(*)[0m
  [1m[36mActiveRecord::SchemaMigration Pluck (0.1ms)[0m  [1m[34mSELECT "schema_migrations"."version" FROM "schema_migrations" ORDER BY "schema_migrations"."version" ASC[0m
Migrating to DeviseCreateUsers (20220421122924)
  [1m[36mTRANSACTION (0.1ms)[0m  [1m[36mbegin transaction[0m
  [1m[35m (1.1ms)[0m  [1m[35mCREATE TABLE "users" ("id" integer PRIMARY KEY AUTOINCREMENT NOT NULL, "email" varchar DEFAULT '' NOT NULL, "encrypted_password" varchar DEFAULT '' NOT NULL, "reset_password_token" varchar, "reset_password_sent_at" datetime(6), "remember_created_at" datetime(6), "created_at" datetime(6) NOT NULL, "updated_at" datetime(6) NOT NULL)[0m
  [1m[35m (0.1ms)[0m  [1m[35mCREATE UNIQUE INDEX "index_users_on_email" ON "users" ("email")[0m
  [1m[35m (0.1ms)[0m  [1m[35mCREATE UNIQUE INDEX "index_users_on_reset_password_token" ON "users" ("reset_password_token")[0m
  [1m[36mActiveRecord::SchemaMigration Create (0.2ms)[0m  [1m[32mINSERT INTO "schema_migrations" ("version") VALUES (?)[0m  [["version", "20220421122924"]]
  [1m[36mTRANSACTION (3.9ms)[0m  [1m[36mcommit transaction[0m
  [1m[36mActiveRecord::InternalMetadata Load (0.2ms)[0m  [1m[34mSELECT "ar_internal_metadata".* FROM "ar_internal_metadata" WHERE "ar_internal_metadata"."key" = ? LIMIT ?[0m  [["key", "environment"], ["LIMIT", 1]]
  [1m[36mTRANSACTION (0.0ms)[0m  [1m[36mbegin transaction[0m
  [1m[36mActiveRecord::InternalMetadata Create (0.9ms)[0m  [1m[32mINSERT INTO "ar_internal_metadata" ("key", "value", "created_at", "updated_at") VALUES (?, ?, ?, ?)[0m  [["key", "environment"], ["value", "development"], ["created_at", "2022-04-21 12:34:48.577192"], ["updated_at", "2022-04-21 12:34:48.577192"]]
  [1m[36mTRANSACTION (3.3ms)[0m  [1m[36mcommit transaction[0m
  [1m[35m (0.0ms)[0m  [1m[34mSELECT sqlite_version(*)[0m
  [1m[36mActiveRecord::SchemaMigration Pluck (0.1ms)[0m  [1m[34mSELECT "schema_migrations"."version" FROM "schema_migrations" ORDER BY "schema_migrations"."version" ASC[0m
Started GET "/" for ::1 at 2022-04-21 21:35:07 +0900
  [1m[35m (0.8ms)[0m  [1m[34mSELECT sqlite_version(*)[0m
  [1m[36mActiveRecord::SchemaMigration Pluck (0.1ms)[0m  [1m[34mSELECT "schema_migrations"."version" FROM "schema_migrations" ORDER BY "schema_migrations"."version" ASC[0m
  
ActionController::RoutingError (uninitialized constant ArticlesController

      Object.const_get(camel_cased_word)
            ^^^^^^^^^^
Did you mean?  AbstractController

            raise MissingController.new(error.message, error.name)
            ^^^^^):
  
  [1m[35m (0.7ms)[0m  [1m[34mSELECT sqlite_version(*)[0m
  [1m[36mActiveRecord::SchemaMigration Pluck (0.1ms)[0m  [1m[34mSELECT "schema_migrations"."version" FROM "schema_migrations" ORDER BY "schema_migrations"."version" ASC[0m
Migrating to DeviseCreateAdmins (20220421124618)
  [1m[36mTRANSACTION (0.1ms)[0m  [1m[36mbegin transaction[0m
  [1m[35m (1.8ms)[0m  [1m[35mCREATE TABLE "admins" ("id" integer PRIMARY KEY AUTOINCREMENT NOT NULL, "email" varchar DEFAULT '' NOT NULL, "encrypted_password" varchar DEFAULT '' NOT NULL, "reset_password_token" varchar, "reset_password_sent_at" datetime(6), "remember_created_at" datetime(6), "created_at" datetime(6) NOT NULL, "updated_at" datetime(6) NOT NULL)[0m
  [1m[35m (0.2ms)[0m  [1m[35mCREATE UNIQUE INDEX "index_admins_on_email" ON "admins" ("email")[0m
  [1m[35m (0.1ms)[0m  [1m[35mCREATE UNIQUE INDEX "index_admins_on_reset_password_token" ON "admins" ("reset_password_token")[0m
  [1m[36mActiveRecord::SchemaMigration Create (0.1ms)[0m  [1m[32mINSERT INTO "schema_migrations" ("version") VALUES (?)[0m  [["version", "20220421124618"]]
  [1m[36mTRANSACTION (3.9ms)[0m  [1m[36mcommit transaction[0m
  [1m[36mActiveRecord::InternalMetadata Load (0.1ms)[0m  [1m[34mSELECT "ar_internal_metadata".* FROM "ar_internal_metadata" WHERE "ar_internal_metadata"."key" = ? LIMIT ?[0m  [["key", "environment"], ["LIMIT", 1]]
  [1m[35m (0.0ms)[0m  [1m[34mSELECT sqlite_version(*)[0m
  [1m[36mActiveRecord::SchemaMigration Pluck (0.1ms)[0m  [1m[34mSELECT "schema_migrations"."version" FROM "schema_migrations" ORDER BY "schema_migrations"."version" ASC[0m
Started GET "/" for ::1 at 2022-04-21 21:57:28 +0900
  [1m[35m (0.8ms)[0m  [1m[34mSELECT sqlite_version(*)[0m
  [1m[36mActiveRecord::SchemaMigration Pluck (0.1ms)[0m  [1m[34mSELECT "schema_migrations"."version" FROM "schema_migrations" ORDER BY "schema_migrations"."version" ASC[0m
Processing by RentalController#index as HTML
  Rendering layout layouts/application.html.erb
  Rendering rental/index.html.erb within layouts/application
  Rendered rental/index.html.erb within layouts/application (Duration: 1.6ms | Allocations: 318)
  Rendered layout layouts/application.html.erb (Duration: 214.2ms | Allocations: 73887)
Completed 500 Internal Server Error in 231ms (ActiveRecord: 0.0ms | Allocations: 77019)


  
ActionView::Template::Error (Permission denied @ rb_file_s_rename - (C:/Users/ams/Desktop/Taking/tmp/cache/assets/sprockets/v4.0.0/uS/uSwnhkEmPJrdRrbT51FcCmSOFDVn6VAw1FnytWSxZk4.cache.25320.400.377658, C:/Users/ams/Desktop/Taking/tmp/cache/assets/sprockets/v4.0.0/uS/uSwnhkEmPJrdRrbT51FcCmSOFDVn6VAw1FnytWSxZk4.cache)):
  
sprockets (4.0.3) lib/sprockets/path_utils.rb:362:in `rename'
sprockets (4.0.3) lib/sprockets/path_utils.rb:362:in `atomic_write'
sprockets (4.0.3) lib/sprockets/cache/file_store.rb:112:in `set'
sprockets (4.0.3) lib/sprockets/cache.rb:227:in `set'
sprockets (4.0.3) lib/sprockets/cache.rb:143:in `set'
sprockets (4.0.3) lib/sprockets/loader.rb:263:in `store_asset'
sprockets (4.0.3) lib/sprockets/loader.rb:226:in `load_from_unloaded'
sprockets (4.0.3) lib/sprockets/loader.rb:59:in `block in load'
sprockets (4.0.3) lib/sprockets/loader.rb:337:in `fetch_asset_from_dependency_cache'
sprockets (4.0.3) lib/sprockets/loader.rb:43:in `load'
sprockets (4.0.3) lib/sprockets/cached_environment.rb:44:in `load'
sprockets (4.0.3) lib/sprockets/bundle.rb:32:in `block in call'
C:/Ruby31-x64/lib/ruby/3.1.0/set.rb:511:in `each_key'
C:/Ruby31-x64/lib/ruby/3.1.0/set.rb:511:in `each'
sprockets (4.0.3) lib/sprockets/bundle.rb:31:in `call'
sprockets (4.0.3) lib/sprockets/processor_utils.rb:84:in `call_processor'
sprockets (4.0.3) lib/sprockets/processor_utils.rb:66:in `block in call_processors'
sprockets (4.0.3) lib/sprockets/processor_utils.rb:65:in `reverse_each'
sprockets (4.0.3) lib/sprockets/processor_utils.rb:65:in `call_processors'
sprockets (4.0.3) lib/sprockets/loader.rb:182:in `load_from_unloaded'
sprockets (4.0.3) lib/sprockets/loader.rb:59:in `block in load'
sprockets (4.0.3) lib/sprockets/loader.rb:337:in `fetch_asset_from_dependency_cache'
sprockets (4.0.3) lib/sprockets/loader.rb:43:in `load'
sprockets (4.0.3) lib/sprockets/cached_environment.rb:44:in `load'
sprockets (4.0.3) lib/sprockets/base.rb:81:in `find_asset'
sprockets (4.0.3) lib/sprockets/base.rb:88:in `find_all_linked_assets'
sprockets (4.0.3) lib/sprockets/manifest.rb:125:in `each'
sprockets (4.0.3) lib/sprockets/manifest.rb:125:in `to_a'
sprockets (4.0.3) lib/sprockets/manifest.rb:125:in `block (2 levels) in find'
concurrent-ruby (1.1.10) lib/concurrent-ruby/concurrent/executor/safe_task_executor.rb:24:in `block in execute'
concurrent-ruby (1.1.10) lib/concurrent-ruby/concurrent/synchronization/mutex_lockable_object.rb:47:in `block in synchronize'
concurrent-ruby (1.1.10) lib/concurrent-ruby/concurrent/synchronization/mutex_lockable_object.rb:47:in `synchronize'
concurrent-ruby (1.1.10) lib/concurrent-ruby/concurrent/synchronization/mutex_lockable_object.rb:47:in `synchronize'
concurrent-ruby (1.1.10) lib/concurrent-ruby/concurrent/executor/safe_task_executor.rb:22:in `execute'
concurrent-ruby (1.1.10) lib/concurrent-ruby/concurrent/promise.rb:564:in `block in realize'
concurrent-ruby (1.1.10) lib/concurrent-ruby/concurrent/executor/ruby_thread_pool_executor.rb:352:in `run_task'
concurrent-ruby (1.1.10) lib/concurrent-ruby/concurrent/executor/ruby_thread_pool_executor.rb:343:in `block (3 levels) in create_worker'
concurrent-ruby (1.1.10) lib/concurrent-ruby/concurrent/executor/ruby_thread_pool_executor.rb:334:in `loop'
concurrent-ruby (1.1.10) lib/concurrent-ruby/concurrent/executor/ruby_thread_pool_executor.rb:334:in `block (2 levels) in create_worker'
concurrent-ruby (1.1.10) lib/concurrent-ruby/concurrent/executor/ruby_thread_pool_executor.rb:333:in `catch'
concurrent-ruby (1.1.10) lib/concurrent-ruby/concurrent/executor/ruby_thread_pool_executor.rb:333:in `block in create_worker'
Started GET "/" for ::1 at 2022-04-21 21:59:19 +0900
Processing by Rails::WelcomeController#index as HTML
  Rendering C:/Ruby31-x64/lib/ruby/gems/3.1.0/gems/railties-7.0.2.3/lib/rails/templates/rails/welcome/index.html.erb
  Rendered C:/Ruby31-x64/lib/ruby/gems/3.1.0/gems/railties-7.0.2.3/lib/rails/templates/rails/welcome/index.html.erb (Duration: 1.1ms | Allocations: 316)
Completed 200 OK in 9ms (Views: 3.5ms | Allocations: 1123)


Started GET "/" for ::1 at 2022-04-21 22:00:04 +0900
Processing by Rails::WelcomeController#index as HTML
  Rendering C:/Ruby31-x64/lib/ruby/gems/3.1.0/gems/railties-7.0.2.3/lib/rails/templates/rails/welcome/index.html.erb
  Rendered C:/Ruby31-x64/lib/ruby/gems/3.1.0/gems/railties-7.0.2.3/lib/rails/templates/rails/welcome/index.html.erb (Duration: 0.6ms | Allocations: 310)
Completed 200 OK in 7ms (Views: 2.5ms | Allocations: 995)


Started GET "/top" for ::1 at 2022-04-21 22:00:54 +0900
Processing by RentalController#index as HTML
  Rendering layout layouts/application.html.erb
  Rendering rental/index.html.erb within layouts/application
  Rendered rental/index.html.erb within layouts/application (Duration: 0.4ms | Allocations: 131)
  Rendered layout layouts/application.html.erb (Duration: 74.5ms | Allocations: 20143)
Completed 200 OK in 86ms (Views: 84.0ms | Allocations: 21055)


  [1m[35m (0.8ms)[0m  [1m[34mSELECT sqlite_version(*)[0m
  [1m[36mActiveRecord::SchemaMigration Pluck (0.1ms)[0m  [1m[34mSELECT "schema_migrations"."version" FROM "schema_migrations" ORDER BY "schema_migrations"."version" ASC[0m
Migrating to DeviseCreateUsers (20220422095934)
  [1m[36mTRANSACTION (0.1ms)[0m  [1m[36mbegin transaction[0m
  [1m[35m (0.4ms)[0m  [1m[35mCREATE TABLE "users" ("id" integer PRIMARY KEY AUTOINCREMENT NOT NULL, "email" varchar DEFAULT '' NOT NULL, "encrypted_password" varchar DEFAULT '' NOT NULL, "reset_password_token" varchar, "reset_password_sent_at" datetime(6), "remember_created_at" datetime(6), "created_at" datetime(6) NOT NULL, "updated_at" datetime(6) NOT NULL)[0m
  [1m[36mTRANSACTION (0.0ms)[0m  [1m[31mrollback transaction[0m
  [1m[35m (0.8ms)[0m  [1m[34mSELECT sqlite_version(*)[0m
  [1m[36mActiveRecord::SchemaMigration Pluck (0.1ms)[0m  [1m[34mSELECT "schema_migrations"."version" FROM "schema_migrations" ORDER BY "schema_migrations"."version" ASC[0m
Migrating to DeviseCreateUsers (20220422095934)
  [1m[36mTRANSACTION (0.1ms)[0m  [1m[36mbegin transaction[0m
  [1m[35m (0.5ms)[0m  [1m[35mCREATE TABLE "users" ("id" integer PRIMARY KEY AUTOINCREMENT NOT NULL, "email" varchar DEFAULT '' NOT NULL, "encrypted_password" varchar DEFAULT '' NOT NULL, "admin" boolean DEFAULT 0, "deleted_at" date, "reset_password_token" varchar, "reset_password_sent_at" datetime(6), "remember_created_at" datetime(6), "created_at" datetime(6) NOT NULL, "updated_at" datetime(6) NOT NULL)[0m
  [1m[36mTRANSACTION (0.0ms)[0m  [1m[31mrollback transaction[0m
  [1m[35m (1.1ms)[0m  [1m[34mSELECT sqlite_version(*)[0m
  [1m[36mActiveRecord::SchemaMigration Pluck (0.3ms)[0m  [1m[34mSELECT "schema_migrations"."version" FROM "schema_migrations" ORDER BY "schema_migrations"."version" ASC[0m
  [1m[36mActiveRecord::InternalMetadata Pluck (0.2ms)[0m  [1m[34mSELECT "ar_internal_metadata"."value" FROM "ar_internal_metadata" WHERE "ar_internal_metadata"."key" = ? LIMIT ?[0m  [["key", "environment"], ["LIMIT", 1]]
  [1m[36mActiveRecord::SchemaMigration Pluck (0.1ms)[0m  [1m[34mSELECT "schema_migrations"."version" FROM "schema_migrations" ORDER BY "schema_migrations"."version" ASC[0m
  [1m[36mActiveRecord::InternalMetadata Pluck (0.1ms)[0m  [1m[34mSELECT "ar_internal_metadata"."value" FROM "ar_internal_metadata" WHERE "ar_internal_metadata"."key" = ? LIMIT ?[0m  [["key", "environment"], ["LIMIT", 1]]
  [1m[36mActiveRecord::SchemaMigration Pluck (0.1ms)[0m  [1m[34mSELECT "schema_migrations"."version" FROM "schema_migrations" ORDER BY "schema_migrations"."version" ASC[0m
  [1m[36mActiveRecord::InternalMetadata Pluck (0.1ms)[0m  [1m[34mSELECT "ar_internal_metadata"."value" FROM "ar_internal_metadata" WHERE "ar_internal_metadata"."key" = ? LIMIT ?[0m  [["key", "environment"], ["LIMIT", 1]]
  [1m[35m (0.8ms)[0m  [1m[34mSELECT sqlite_version(*)[0m
  [1m[36mActiveRecord::SchemaMigration Pluck (0.2ms)[0m  [1m[34mSELECT "schema_migrations"."version" FROM "schema_migrations" ORDER BY "schema_migrations"."version" ASC[0m
  [1m[36mActiveRecord::InternalMetadata Pluck (0.1ms)[0m  [1m[34mSELECT "ar_internal_metadata"."value" FROM "ar_internal_metadata" WHERE "ar_internal_metadata"."key" = ? LIMIT ?[0m  [["key", "environment"], ["LIMIT", 1]]
  [1m[36mActiveRecord::SchemaMigration Pluck (0.1ms)[0m  [1m[34mSELECT "schema_migrations"."version" FROM "schema_migrations" ORDER BY "schema_migrations"."version" ASC[0m
  [1m[36mActiveRecord::InternalMetadata Pluck (0.1ms)[0m  [1m[34mSELECT "ar_internal_metadata"."value" FROM "ar_internal_metadata" WHERE "ar_internal_metadata"."key" = ? LIMIT ?[0m  [["key", "environment"], ["LIMIT", 1]]
  [1m[36mActiveRecord::SchemaMigration Pluck (0.1ms)[0m  [1m[34mSELECT "schema_migrations"."version" FROM "schema_migrations" ORDER BY "schema_migrations"."version" ASC[0m
  [1m[36mActiveRecord::InternalMetadata Pluck (0.1ms)[0m  [1m[34mSELECT "ar_internal_metadata"."value" FROM "ar_internal_metadata" WHERE "ar_internal_metadata"."key" = ? LIMIT ?[0m  [["key", "environment"], ["LIMIT", 1]]
  [1m[35m (0.8ms)[0m  [1m[34mSELECT sqlite_version(*)[0m
  [1m[35m (48.8ms)[0m  [1m[35mCREATE TABLE "schema_migrations" ("version" varchar NOT NULL PRIMARY KEY)[0m
  [1m[35m (6.8ms)[0m  [1m[35mCREATE TABLE "ar_internal_metadata" ("key" varchar NOT NULL PRIMARY KEY, "value" varchar, "created_at" datetime(6) NOT NULL, "updated_at" datetime(6) NOT NULL)[0m
  [1m[36mActiveRecord::SchemaMigration Pluck (0.1ms)[0m  [1m[34mSELECT "schema_migrations"."version" FROM "schema_migrations" ORDER BY "schema_migrations"."version" ASC[0m
Migrating to DeviseCreateUsers (20220422095934)
  [1m[36mTRANSACTION (0.1ms)[0m  [1m[36mbegin transaction[0m
  [1m[35m (0.9ms)[0m  [1m[35mCREATE TABLE "users" ("id" integer PRIMARY KEY AUTOINCREMENT NOT NULL, "email" varchar DEFAULT '' NOT NULL, "encrypted_password" varchar DEFAULT '' NOT NULL, "admin" boolean DEFAULT 0, "deleted_at" date, "reset_password_token" varchar, "reset_password_sent_at" datetime(6), "remember_created_at" datetime(6), "created_at" datetime(6) NOT NULL, "updated_at" datetime(6) NOT NULL)[0m
  [1m[35m (0.1ms)[0m  [1m[35mCREATE UNIQUE INDEX "index_users_on_email" ON "users" ("email")[0m
  [1m[35m (0.1ms)[0m  [1m[35mCREATE UNIQUE INDEX "index_users_on_reset_password_token" ON "users" ("reset_password_token")[0m
  [1m[36mActiveRecord::SchemaMigration Create (0.2ms)[0m  [1m[32mINSERT INTO "schema_migrations" ("version") VALUES (?)[0m  [["version", "20220422095934"]]
  [1m[36mTRANSACTION (5.8ms)[0m  [1m[36mcommit transaction[0m
  [1m[36mActiveRecord::InternalMetadata Load (0.1ms)[0m  [1m[34mSELECT "ar_internal_metadata".* FROM "ar_internal_metadata" WHERE "ar_internal_metadata"."key" = ? LIMIT ?[0m  [["key", "environment"], ["LIMIT", 1]]
  [1m[36mTRANSACTION (0.2ms)[0m  [1m[36mbegin transaction[0m
  [1m[36mActiveRecord::InternalMetadata Create (0.8ms)[0m  [1m[32mINSERT INTO "ar_internal_metadata" ("key", "value", "created_at", "updated_at") VALUES (?, ?, ?, ?)[0m  [["key", "environment"], ["value", "development"], ["created_at", "2022-04-22 10:13:02.083030"], ["updated_at", "2022-04-22 10:13:02.083030"]]
  [1m[36mTRANSACTION (4.1ms)[0m  [1m[36mcommit transaction[0m
  [1m[35m (0.0ms)[0m  [1m[34mSELECT sqlite_version(*)[0m
  [1m[36mActiveRecord::SchemaMigration Pluck (0.1ms)[0m  [1m[34mSELECT "schema_migrations"."version" FROM "schema_migrations" ORDER BY "schema_migrations"."version" ASC[0m
  [1m[35m (0.8ms)[0m  [1m[34mSELECT sqlite_version(*)[0m
  [1m[35m (75.3ms)[0m  [1m[35mCREATE TABLE "schema_migrations" ("version" varchar NOT NULL PRIMARY KEY)[0m
  [1m[35m (6.7ms)[0m  [1m[35mCREATE TABLE "ar_internal_metadata" ("key" varchar NOT NULL PRIMARY KEY, "value" varchar, "created_at" datetime(6) NOT NULL, "updated_at" datetime(6) NOT NULL)[0m
  [1m[36mActiveRecord::SchemaMigration Pluck (0.2ms)[0m  [1m[34mSELECT "schema_migrations"."version" FROM "schema_migrations" ORDER BY "schema_migrations"."version" ASC[0m
Migrating to DeviseCreateUsers (20220422101742)
  [1m[36mTRANSACTION (0.1ms)[0m  [1m[36mbegin transaction[0m
  [1m[35m (1.0ms)[0m  [1m[35mCREATE TABLE "users" ("id" integer PRIMARY KEY AUTOINCREMENT NOT NULL, "email" varchar DEFAULT '' NOT NULL, "encrypted_password" varchar DEFAULT '' NOT NULL, "reset_password_token" varchar, "reset_password_sent_at" datetime(6), "remember_created_at" datetime(6), "created_at" datetime(6) NOT NULL, "updated_at" datetime(6) NOT NULL)[0m
  [1m[35m (0.2ms)[0m  [1m[35mCREATE UNIQUE INDEX "index_users_on_email" ON "users" ("email")[0m
  [1m[35m (0.1ms)[0m  [1m[35mCREATE UNIQUE INDEX "index_users_on_reset_password_token" ON "users" ("reset_password_token")[0m
  [1m[36mActiveRecord::SchemaMigration Create (0.4ms)[0m  [1m[32mINSERT INTO "schema_migrations" ("version") VALUES (?)[0m  [["version", "20220422101742"]]
  [1m[36mTRANSACTION (7.9ms)[0m  [1m[36mcommit transaction[0m
  [1m[36mActiveRecord::InternalMetadata Load (0.1ms)[0m  [1m[34mSELECT "ar_internal_metadata".* FROM "ar_internal_metadata" WHERE "ar_internal_metadata"."key" = ? LIMIT ?[0m  [["key", "environment"], ["LIMIT", 1]]
  [1m[36mTRANSACTION (0.0ms)[0m  [1m[36mbegin transaction[0m
  [1m[36mActiveRecord::InternalMetadata Create (0.9ms)[0m  [1m[32mINSERT INTO "ar_internal_metadata" ("key", "value", "created_at", "updated_at") VALUES (?, ?, ?, ?)[0m  [["key", "environment"], ["value", "development"], ["created_at", "2022-04-22 10:20:31.196341"], ["updated_at", "2022-04-22 10:20:31.196341"]]
  [1m[36mTRANSACTION (5.1ms)[0m  [1m[36mcommit transaction[0m
  [1m[35m (0.0ms)[0m  [1m[34mSELECT sqlite_version(*)[0m
  [1m[36mActiveRecord::SchemaMigration Pluck (0.1ms)[0m  [1m[34mSELECT "schema_migrations"."version" FROM "schema_migrations" ORDER BY "schema_migrations"."version" ASC[0m
  [1m[35m (0.9ms)[0m  [1m[34mSELECT sqlite_version(*)[0m
  [1m[35m (23.8ms)[0m  [1m[35mCREATE TABLE "schema_migrations" ("version" varchar NOT NULL PRIMARY KEY)[0m
  [1m[35m (6.5ms)[0m  [1m[35mCREATE TABLE "ar_internal_metadata" ("key" varchar NOT NULL PRIMARY KEY, "value" varchar, "created_at" datetime(6) NOT NULL, "updated_at" datetime(6) NOT NULL)[0m
  [1m[36mActiveRecord::SchemaMigration Pluck (0.2ms)[0m  [1m[34mSELECT "schema_migrations"."version" FROM "schema_migrations" ORDER BY "schema_migrations"."version" ASC[0m
Migrating to DeviseCreateUsers (20220422101742)
  [1m[36mTRANSACTION (0.0ms)[0m  [1m[36mbegin transaction[0m
  [1m[35m (0.8ms)[0m  [1m[35mCREATE TABLE "users" ("id" integer PRIMARY KEY AUTOINCREMENT NOT NULL, "name" varchar DEFAULT '' NOT NULL, "encrypted_password" varchar DEFAULT '' NOT NULL, "admin" boolean DEFAULT 0, "deleted_at" date, "reset_password_token" varchar, "reset_password_sent_at" datetime(6), "remember_created_at" datetime(6), "created_at" datetime(6) NOT NULL, "updated_at" datetime(6) NOT NULL)[0m
  [1m[35m (0.2ms)[0m  [1m[35mCREATE UNIQUE INDEX "index_users_on_email" ON "users" ("email")[0m
  [1m[35m (0.1ms)[0m  [1m[35mCREATE UNIQUE INDEX "index_users_on_reset_password_token" ON "users" ("reset_password_token")[0m
  [1m[36mActiveRecord::SchemaMigration Create (0.1ms)[0m  [1m[32mINSERT INTO "schema_migrations" ("version") VALUES (?)[0m  [["version", "20220422101742"]]
  [1m[36mTRANSACTION (6.7ms)[0m  [1m[36mcommit transaction[0m
  [1m[36mActiveRecord::InternalMetadata Load (0.1ms)[0m  [1m[34mSELECT "ar_internal_metadata".* FROM "ar_internal_metadata" WHERE "ar_internal_metadata"."key" = ? LIMIT ?[0m  [["key", "environment"], ["LIMIT", 1]]
  [1m[36mTRANSACTION (0.0ms)[0m  [1m[36mbegin transaction[0m
  [1m[36mActiveRecord::InternalMetadata Create (1.2ms)[0m  [1m[32mINSERT INTO "ar_internal_metadata" ("key", "value", "created_at", "updated_at") VALUES (?, ?, ?, ?)[0m  [["key", "environment"], ["value", "development"], ["created_at", "2022-04-22 10:23:41.268759"], ["updated_at", "2022-04-22 10:23:41.268759"]]
  [1m[36mTRANSACTION (8.1ms)[0m  [1m[36mcommit transaction[0m
  [1m[35m (0.0ms)[0m  [1m[34mSELECT sqlite_version(*)[0m
  [1m[36mActiveRecord::SchemaMigration Pluck (0.1ms)[0m  [1m[34mSELECT "schema_migrations"."version" FROM "schema_migrations" ORDER BY "schema_migrations"."version" ASC[0m
Started GET "/top" for ::1 at 2022-04-22 19:39:02 +0900
  [1m[35m (1.2ms)[0m  [1m[34mSELECT sqlite_version(*)[0m
  [1m[36mActiveRecord::SchemaMigration Pluck (0.1ms)[0m  [1m[34mSELECT "schema_migrations"."version" FROM "schema_migrations" ORDER BY "schema_migrations"."version" ASC[0m
  
ActionController::RoutingError (No route matches [GET] "/top"):
  
Started GET "/" for ::1 at 2022-04-22 19:39:07 +0900
Processing by RentalController#index as HTML
  Rendering layout layouts/application.html.erb
  Rendering rental/index.html.erb within layouts/application
  Rendered rental/index.html.erb within layouts/application (Duration: 0.6ms | Allocations: 136)
  Rendered layout layouts/application.html.erb (Duration: 465.0ms | Allocations: 84511)
Completed 500 Internal Server Error in 484ms (ActiveRecord: 0.0ms | Allocations: 86583)


  
ActionView::Template::Error (Permission denied @ rb_file_s_rename - (C:/Users/ams/Desktop/Taking/tmp/cache/assets/sprockets/v4.0.0/Sp/Sp2mnfDoWZAPunPNZVuXKb-87Tg25y5eWkwlpTzqX6k.cache.26220.17996.993855, C:/Users/ams/Desktop/Taking/tmp/cache/assets/sprockets/v4.0.0/Sp/Sp2mnfDoWZAPunPNZVuXKb-87Tg25y5eWkwlpTzqX6k.cache)):
  
sprockets (4.0.3) lib/sprockets/path_utils.rb:362:in `rename'
sprockets (4.0.3) lib/sprockets/path_utils.rb:362:in `atomic_write'
sprockets (4.0.3) lib/sprockets/cache/file_store.rb:112:in `set'
sprockets (4.0.3) lib/sprockets/cache.rb:227:in `set'
sprockets (4.0.3) lib/sprockets/cache.rb:143:in `set'
sprockets (4.0.3) lib/sprockets/loader.rb:263:in `store_asset'
sprockets (4.0.3) lib/sprockets/loader.rb:226:in `load_from_unloaded'
sprockets (4.0.3) lib/sprockets/loader.rb:59:in `block in load'
sprockets (4.0.3) lib/sprockets/loader.rb:337:in `fetch_asset_from_dependency_cache'
sprockets (4.0.3) lib/sprockets/loader.rb:43:in `load'
sprockets (4.0.3) lib/sprockets/cached_environment.rb:44:in `load'
sprockets (4.0.3) lib/sprockets/bundle.rb:32:in `block in call'
C:/Ruby31-x64/lib/ruby/3.1.0/set.rb:511:in `each_key'
C:/Ruby31-x64/lib/ruby/3.1.0/set.rb:511:in `each'
sprockets (4.0.3) lib/sprockets/bundle.rb:31:in `call'
sprockets (4.0.3) lib/sprockets/processor_utils.rb:84:in `call_processor'
sprockets (4.0.3) lib/sprockets/processor_utils.rb:66:in `block in call_processors'
sprockets (4.0.3) lib/sprockets/processor_utils.rb:65:in `reverse_each'
sprockets (4.0.3) lib/sprockets/processor_utils.rb:65:in `call_processors'
sprockets (4.0.3) lib/sprockets/loader.rb:182:in `load_from_unloaded'
sprockets (4.0.3) lib/sprockets/loader.rb:59:in `block in load'
sprockets (4.0.3) lib/sprockets/loader.rb:337:in `fetch_asset_from_dependency_cache'
sprockets (4.0.3) lib/sprockets/loader.rb:43:in `load'
sprockets (4.0.3) lib/sprockets/cached_environment.rb:44:in `load'
sprockets (4.0.3) lib/sprockets/base.rb:81:in `find_asset'
sprockets (4.0.3) lib/sprockets/base.rb:88:in `find_all_linked_assets'
sprockets (4.0.3) lib/sprockets/manifest.rb:125:in `each'
sprockets (4.0.3) lib/sprockets/manifest.rb:125:in `to_a'
sprockets (4.0.3) lib/sprockets/manifest.rb:125:in `block (2 levels) in find'
concurrent-ruby (1.1.10) lib/concurrent-ruby/concurrent/executor/safe_task_executor.rb:24:in `block in execute'
concurrent-ruby (1.1.10) lib/concurrent-ruby/concurrent/synchronization/mutex_lockable_object.rb:47:in `block in synchronize'
concurrent-ruby (1.1.10) lib/concurrent-ruby/concurrent/synchronization/mutex_lockable_object.rb:47:in `synchronize'
concurrent-ruby (1.1.10) lib/concurrent-ruby/concurrent/synchronization/mutex_lockable_object.rb:47:in `synchronize'
concurrent-ruby (1.1.10) lib/concurrent-ruby/concurrent/executor/safe_task_executor.rb:22:in `execute'
concurrent-ruby (1.1.10) lib/concurrent-ruby/concurrent/promise.rb:564:in `block in realize'
concurrent-ruby (1.1.10) lib/concurrent-ruby/concurrent/executor/ruby_thread_pool_executor.rb:352:in `run_task'
concurrent-ruby (1.1.10) lib/concurrent-ruby/concurrent/executor/ruby_thread_pool_executor.rb:343:in `block (3 levels) in create_worker'
concurrent-ruby (1.1.10) lib/concurrent-ruby/concurrent/executor/ruby_thread_pool_executor.rb:334:in `loop'
concurrent-ruby (1.1.10) lib/concurrent-ruby/concurrent/executor/ruby_thread_pool_executor.rb:334:in `block (2 levels) in create_worker'
concurrent-ruby (1.1.10) lib/concurrent-ruby/concurrent/executor/ruby_thread_pool_executor.rb:333:in `catch'
concurrent-ruby (1.1.10) lib/concurrent-ruby/concurrent/executor/ruby_thread_pool_executor.rb:333:in `block in create_worker'
Started GET "/index" for ::1 at 2022-04-22 19:39:50 +0900
  
ActionController::RoutingError (No route matches [GET] "/index"):
  
Started GET "/i" for ::1 at 2022-04-22 19:40:21 +0900
  
ActionController::RoutingError (No route matches [GET] "/i"):
  
Started GET "/" for ::1 at 2022-04-22 19:40:26 +0900
Processing by RentalController#index as HTML
  Rendering layout layouts/application.html.erb
  Rendering rental/index.html.erb within layouts/application
  Rendered rental/index.html.erb within layouts/application (Duration: 0.1ms | Allocations: 20)
  Rendered layout layouts/application.html.erb (Duration: 74.8ms | Allocations: 26821)
Completed 200 OK in 78ms (Views: 76.1ms | ActiveRecord: 0.0ms | Allocations: 27181)


Started GET "/" for ::1 at 2022-04-22 19:40:31 +0900
Processing by RentalController#index as HTML
  Rendering layout layouts/application.html.erb
  Rendering rental/index.html.erb within layouts/application
  Rendered rental/index.html.erb within layouts/application (Duration: 0.1ms | Allocations: 20)
  Rendered layout layouts/application.html.erb (Duration: 5.8ms | Allocations: 1210)
Completed 200 OK in 10ms (Views: 8.2ms | ActiveRecord: 0.0ms | Allocations: 1495)


Started GET "/" for ::1 at 2022-04-22 19:40:32 +0900
Processing by RentalController#index as HTML
  Rendering layout layouts/application.html.erb
  Rendering rental/index.html.erb within layouts/application
  Rendered rental/index.html.erb within layouts/application (Duration: 0.3ms | Allocations: 20)
  Rendered layout layouts/application.html.erb (Duration: 8.8ms | Allocations: 1195)
Completed 200 OK in 12ms (Views: 11.1ms | ActiveRecord: 0.0ms | Allocations: 1480)


Started GET "/" for ::1 at 2022-04-22 19:44:04 +0900
  [1m[35m (0.8ms)[0m  [1m[34mSELECT sqlite_version(*)[0m
  [1m[36mActiveRecord::SchemaMigration Pluck (0.1ms)[0m  [1m[34mSELECT "schema_migrations"."version" FROM "schema_migrations" ORDER BY "schema_migrations"."version" ASC[0m
Processing by RentalsController#index as HTML
  Rendering layout layouts/application.html.erb
  Rendering rentals/index.html.erb within layouts/application
  Rendered rentals/index.html.erb within layouts/application (Duration: 1.4ms | Allocations: 320)
  Rendered layout layouts/application.html.erb (Duration: 61.4ms | Allocations: 30129)
Completed 200 OK in 79ms (Views: 67.6ms | ActiveRecord: 0.0ms | Allocations: 33340)


Started GET "/" for ::1 at 2022-04-22 19:44:06 +0900
Processing by RentalsController#index as HTML
  Rendering layout layouts/application.html.erb
  Rendering rentals/index.html.erb within layouts/application
  Rendered rentals/index.html.erb within layouts/application (Duration: 0.1ms | Allocations: 22)
  Rendered layout layouts/application.html.erb (Duration: 4.2ms | Allocations: 1358)
Completed 200 OK in 7ms (Views: 6.2ms | ActiveRecord: 0.0ms | Allocations: 1710)


Started GET "/" for ::1 at 2022-04-22 19:44:06 +0900
Processing by RentalsController#index as HTML
  Rendering layout layouts/application.html.erb
  Rendering rentals/index.html.erb within layouts/application
  Rendered rentals/index.html.erb within layouts/application (Duration: 0.1ms | Allocations: 20)
  Rendered layout layouts/application.html.erb (Duration: 6.3ms | Allocations: 1184)
Completed 200 OK in 8ms (Views: 7.4ms | ActiveRecord: 0.0ms | Allocations: 1473)


Started GET "/" for ::1 at 2022-04-22 19:44:06 +0900
Processing by RentalsController#index as HTML
  Rendering layout layouts/application.html.erb
  Rendering rentals/index.html.erb within layouts/application
  Rendered rentals/index.html.erb within layouts/application (Duration: 0.1ms | Allocations: 20)
  Rendered layout layouts/application.html.erb (Duration: 4.3ms | Allocations: 1195)
Completed 200 OK in 6ms (Views: 5.3ms | ActiveRecord: 0.0ms | Allocations: 1480)


Started GET "/" for ::1 at 2022-04-22 19:44:07 +0900
Processing by RentalsController#index as HTML
  Rendering layout layouts/application.html.erb
  Rendering rentals/index.html.erb within layouts/application
  Rendered rentals/index.html.erb within layouts/application (Duration: 0.1ms | Allocations: 20)
  Rendered layout layouts/application.html.erb (Duration: 4.6ms | Allocations: 1174)
Completed 200 OK in 6ms (Views: 5.6ms | ActiveRecord: 0.0ms | Allocations: 1459)


  [1m[35m (0.8ms)[0m  [1m[34mSELECT sqlite_version(*)[0m
  [1m[36mActiveRecord::SchemaMigration Pluck (0.1ms)[0m  [1m[34mSELECT "schema_migrations"."version" FROM "schema_migrations" ORDER BY "schema_migrations"."version" ASC[0m
Migrating to CreateEquipment (20220422104847)
  [1m[36mTRANSACTION (0.1ms)[0m  [1m[36mbegin transaction[0m
  [1m[35m (1.6ms)[0m  [1m[35mCREATE TABLE "equipment" ("id" integer PRIMARY KEY AUTOINCREMENT NOT NULL, "rental" boolean DEFAULT 0, "equipment" varchar NOT NULL, "code" varchar NOT NULL, "deleted_at" date, "rental_id" integer, "user_id" integer, "created_at" datetime(6) NOT NULL, "updated_at" datetime(6) NOT NULL, CONSTRAINT "fk_rails_8d6fb21500"
FOREIGN KEY ("rental_id")
  REFERENCES "rentals" ("id")
, CONSTRAINT "fk_rails_c09ca68143"
FOREIGN KEY ("user_id")
  REFERENCES "users" ("id")
)[0m
  [1m[35m (0.2ms)[0m  [1m[35mCREATE INDEX "index_equipment_on_rental_id" ON "equipment" ("rental_id")[0m
  [1m[35m (0.1ms)[0m  [1m[35mCREATE INDEX "index_equipment_on_user_id" ON "equipment" ("user_id")[0m
  [1m[36mActiveRecord::SchemaMigration Create (0.2ms)[0m  [1m[32mINSERT INTO "schema_migrations" ("version") VALUES (?)[0m  [["version", "20220422104847"]]
  [1m[36mTRANSACTION (8.5ms)[0m  [1m[36mcommit transaction[0m
  [1m[36mActiveRecord::InternalMetadata Load (0.1ms)[0m  [1m[34mSELECT "ar_internal_metadata".* FROM "ar_internal_metadata" WHERE "ar_internal_metadata"."key" = ? LIMIT ?[0m  [["key", "environment"], ["LIMIT", 1]]
  [1m[35m (0.0ms)[0m  [1m[34mSELECT sqlite_version(*)[0m
  [1m[36mActiveRecord::SchemaMigration Pluck (0.1ms)[0m  [1m[34mSELECT "schema_migrations"."version" FROM "schema_migrations" ORDER BY "schema_migrations"."version" ASC[0m
  [1m[35m (0.8ms)[0m  [1m[34mSELECT sqlite_version(*)[0m
  [1m[36mActiveRecord::SchemaMigration Pluck (0.1ms)[0m  [1m[34mSELECT "schema_migrations"."version" FROM "schema_migrations" ORDER BY "schema_migrations"."version" ASC[0m
Migrating to CreateRentals (20220422111419)
  [1m[36mTRANSACTION (0.1ms)[0m  [1m[36mbegin transaction[0m
  [1m[35m (0.9ms)[0m  [1m[35mCREATE TABLE "rentals" ("id" integer PRIMARY KEY AUTOINCREMENT NOT NULL, "reserve_date" date, "return_date" date, "status" varchar, "apply" boolean, "rental_confirmation" boolean, "created_at" datetime(6) NOT NULL, "updated_at" datetime(6) NOT NULL)[0m
  [1m[36mActiveRecord::SchemaMigration Create (0.1ms)[0m  [1m[32mINSERT INTO "schema_migrations" ("version") VALUES (?)[0m  [["version", "20220422111419"]]
  [1m[36mTRANSACTION (8.2ms)[0m  [1m[36mcommit transaction[0m
  [1m[36mActiveRecord::InternalMetadata Load (0.1ms)[0m  [1m[34mSELECT "ar_internal_metadata".* FROM "ar_internal_metadata" WHERE "ar_internal_metadata"."key" = ? LIMIT ?[0m  [["key", "environment"], ["LIMIT", 1]]
  [1m[35m (0.0ms)[0m  [1m[34mSELECT sqlite_version(*)[0m
  [1m[36mActiveRecord::SchemaMigration Pluck (0.1ms)[0m  [1m[34mSELECT "schema_migrations"."version" FROM "schema_migrations" ORDER BY "schema_migrations"."version" ASC[0m
  [1m[35m (0.8ms)[0m  [1m[34mSELECT sqlite_version(*)[0m
  [1m[35m (42.2ms)[0m  [1m[35mCREATE TABLE "schema_migrations" ("version" varchar NOT NULL PRIMARY KEY)[0m
  [1m[35m (9.0ms)[0m  [1m[35mCREATE TABLE "ar_internal_metadata" ("key" varchar NOT NULL PRIMARY KEY, "value" varchar, "created_at" datetime(6) NOT NULL, "updated_at" datetime(6) NOT NULL)[0m
  [1m[36mActiveRecord::SchemaMigration Pluck (0.2ms)[0m  [1m[34mSELECT "schema_migrations"."version" FROM "schema_migrations" ORDER BY "schema_migrations"."version" ASC[0m
Migrating to DeviseCreateUsers (20220422101742)
  [1m[36mTRANSACTION (0.0ms)[0m  [1m[36mbegin transaction[0m
  [1m[35m (0.8ms)[0m  [1m[35mCREATE TABLE "users" ("id" integer PRIMARY KEY AUTOINCREMENT NOT NULL, "name" varchar DEFAULT '' NOT NULL, "encrypted_password" varchar DEFAULT '' NOT NULL, "admin" boolean DEFAULT 0, "deleted_at" date, "reset_password_token" varchar, "reset_password_sent_at" datetime(6), "remember_created_at" datetime(6), "created_at" datetime(6) NOT NULL, "updated_at" datetime(6) NOT NULL)[0m
  [1m[35m (0.5ms)[0m  [1m[35mCREATE UNIQUE INDEX "index_users_on_email" ON "users" ("email")[0m
  [1m[35m (0.1ms)[0m  [1m[35mCREATE UNIQUE INDEX "index_users_on_reset_password_token" ON "users" ("reset_password_token")[0m
  [1m[36mActiveRecord::SchemaMigration Create (0.2ms)[0m  [1m[32mINSERT INTO "schema_migrations" ("version") VALUES (?)[0m  [["version", "20220422101742"]]
  [1m[36mTRANSACTION (8.4ms)[0m  [1m[36mcommit transaction[0m
Migrating to CreateEquipment (20220422104847)
  [1m[36mTRANSACTION (0.0ms)[0m  [1m[36mbegin transaction[0m
  [1m[35m (0.9ms)[0m  [1m[35mCREATE TABLE "equipment" ("id" integer PRIMARY KEY AUTOINCREMENT NOT NULL, "rental" boolean DEFAULT 0, "equipment" varchar NOT NULL, "code" varchar NOT NULL, "deleted_at" date, "rental_id" integer, "user_id" integer, "created_at" datetime(6) NOT NULL, "updated_at" datetime(6) NOT NULL, CONSTRAINT "fk_rails_8d6fb21500"
FOREIGN KEY ("rental_id")
  REFERENCES "rentals" ("id")
, CONSTRAINT "fk_rails_c09ca68143"
FOREIGN KEY ("user_id")
  REFERENCES "users" ("id")
)[0m
  [1m[35m (0.1ms)[0m  [1m[35mCREATE INDEX "index_equipment_on_rental_id" ON "equipment" ("rental_id")[0m
  [1m[35m (0.1ms)[0m  [1m[35mCREATE INDEX "index_equipment_on_user_id" ON "equipment" ("user_id")[0m
  [1m[36mActiveRecord::SchemaMigration Create (0.3ms)[0m  [1m[32mINSERT INTO "schema_migrations" ("version") VALUES (?)[0m  [["version", "20220422104847"]]
  [1m[36mTRANSACTION (5.7ms)[0m  [1m[36mcommit transaction[0m
Migrating to CreateRentals (20220422111419)
  [1m[36mTRANSACTION (0.1ms)[0m  [1m[36mbegin transaction[0m
  [1m[35m (1.2ms)[0m  [1m[35mCREATE TABLE "rentals" ("id" integer PRIMARY KEY AUTOINCREMENT NOT NULL, "reserve_schedule_date" date, "return_schedule_date" date, "return_actual_date" date, "status" varchar, "apply" boolean, "rental_confirmation" boolean, "return_confirmation" boolean, "deleted_at" date, "user_id" integer, "created_at" datetime(6) NOT NULL, "updated_at" datetime(6) NOT NULL, CONSTRAINT "fk_rails_2c7010c082"
FOREIGN KEY ("user_id")
  REFERENCES "users" ("id")
)[0m
  [1m[35m (0.2ms)[0m  [1m[35mCREATE INDEX "index_rentals_on_user_id" ON "rentals" ("user_id")[0m
  [1m[36mActiveRecord::SchemaMigration Create (0.2ms)[0m  [1m[32mINSERT INTO "schema_migrations" ("version") VALUES (?)[0m  [["version", "20220422111419"]]
  [1m[36mTRANSACTION (7.6ms)[0m  [1m[36mcommit transaction[0m
  [1m[36mActiveRecord::InternalMetadata Load (0.1ms)[0m  [1m[34mSELECT "ar_internal_metadata".* FROM "ar_internal_metadata" WHERE "ar_internal_metadata"."key" = ? LIMIT ?[0m  [["key", "environment"], ["LIMIT", 1]]
  [1m[36mTRANSACTION (0.0ms)[0m  [1m[36mbegin transaction[0m
  [1m[36mActiveRecord::InternalMetadata Create (0.8ms)[0m  [1m[32mINSERT INTO "ar_internal_metadata" ("key", "value", "created_at", "updated_at") VALUES (?, ?, ?, ?)[0m  [["key", "environment"], ["value", "development"], ["created_at", "2022-04-22 11:39:16.036845"], ["updated_at", "2022-04-22 11:39:16.036845"]]
  [1m[36mTRANSACTION (7.3ms)[0m  [1m[36mcommit transaction[0m
  [1m[35m (0.0ms)[0m  [1m[34mSELECT sqlite_version(*)[0m
  [1m[36mActiveRecord::SchemaMigration Pluck (0.1ms)[0m  [1m[34mSELECT "schema_migrations"."version" FROM "schema_migrations" ORDER BY "schema_migrations"."version" ASC[0m
Started GET "/" for ::1 at 2022-04-22 20:47:13 +0900
  [1m[35m (1.1ms)[0m  [1m[34mSELECT sqlite_version(*)[0m
  [1m[36mActiveRecord::SchemaMigration Pluck (0.2ms)[0m  [1m[34mSELECT "schema_migrations"."version" FROM "schema_migrations" ORDER BY "schema_migrations"."version" ASC[0m
Processing by RentalsController#index as HTML
  Rendering layout layouts/application.html.erb
  Rendering rentals/index.html.erb within layouts/application
  Rendered rentals/index.html.erb within layouts/application (Duration: 3.1ms | Allocations: 320)
  Rendered layout layouts/application.html.erb (Duration: 86.7ms | Allocations: 30200)
Completed 200 OK in 106ms (Views: 93.7ms | ActiveRecord: 0.0ms | Allocations: 33410)


Started GET "/" for ::1 at 2022-04-22 21:16:09 +0900
Processing by RentalsController#index as HTML
Completed 500 Internal Server Error in 24ms (Allocations: 3763)


  
NameError (uninitialized constant RentalsController::Test

    @test = Test.includes(:user).order("created_at DESC")
            ^^^^):
  
app/controllers/rentals_controller.rb:4:in `index'
Started GET "/" for ::1 at 2022-04-22 21:17:02 +0900
Processing by RentalsController#index as HTML
  [1m[35m (0.1ms)[0m  [1m[34mSELECT sqlite_version(*)[0m
  ↳ app/controllers/rentals_controller.rb:4:in `index'
  Rendering layout layouts/application.html.erb
  Rendering rentals/index.html.erb within layouts/application
  Rendered shared/_header.html.erb (Duration: 11.9ms | Allocations: 2899)
  Rendered rentals/index.html.erb within layouts/application (Duration: 14.9ms | Allocations: 4109)
  Rendered layout layouts/application.html.erb (Duration: 16.8ms | Allocations: 4204)
Completed 500 Internal Server Error in 61ms (ActiveRecord: 0.7ms | Allocations: 7891)


  
ActionView::Template::Error (The asset "sympasee_logo.png" is not present in the asset pipeline.
):
    4:     <div class='search-bar-contents, col'>
    5:       <div class='row align-items-center justify-content-center'>
    6:         <div class='col'> 
    7:           <%= link_to image_tag("sympasee_logo.png", size: '300x100', class:"sympasee-icon"), "/" %>
    8:         </div>
    9:       </div>
   10:     </div>
  
app/views/shared/_header.html.erb:7
app/views/rentals/index.html.erb:1
Started GET "/" for ::1 at 2022-04-22 21:20:37 +0900
Processing by RentalsController#index as HTML
  [1m[35m (0.1ms)[0m  [1m[34mSELECT sqlite_version(*)[0m
  ↳ app/controllers/rentals_controller.rb:4:in `index'
  Rendering layout layouts/application.html.erb
  Rendering rentals/index.html.erb within layouts/application
  Rendered shared/_header.html.erb (Duration: 9.8ms | Allocations: 2847)
  Rendered rentals/index.html.erb within layouts/application (Duration: 13.4ms | Allocations: 3231)
  Rendered layout layouts/application.html.erb (Duration: 14.8ms | Allocations: 3326)
Completed 500 Internal Server Error in 39ms (ActiveRecord: 0.4ms | Allocations: 6308)


  
ActionView::Template::Error (The asset "sympasee_logo.png" is not present in the asset pipeline.
):
    4:     <div class='search-bar-contents, col'>
    5:       <div class='row align-items-center justify-content-center'>
    6:         <div class='col'> 
    7:           <%= link_to image_tag("sympasee_logo.png", size: '300x100', class:"sympasee-icon"), "/" %>
    8:         </div>
    9:       </div>
   10:     </div>
  
app/views/shared/_header.html.erb:7
app/views/rentals/index.html.erb:1
Started GET "/" for ::1 at 2022-04-22 21:21:52 +0900
Processing by RentalsController#index as HTML
  Rendering layout layouts/application.html.erb
  Rendering rentals/index.html.erb within layouts/application
  Rendered shared/_header.html.erb (Duration: 5.0ms | Allocations: 1226)
  Rendered rentals/index.html.erb within layouts/application (Duration: 24.7ms | Allocations: 6936)
  Rendered layout layouts/application.html.erb (Duration: 25.8ms | Allocations: 7031)
Completed 500 Internal Server Error in 38ms (ActiveRecord: 0.0ms | Allocations: 7923)


  
ActionView::Template::Error (undefined local variable or method `new_product_path' for #<ActionView::Base:0x0000000001a2c0>
Did you mean?  new_password_path):
    2: <div class='main'>
    3: 
    4: </div>
    5:     <%= link_to(new_product_path, class: 'purchase-btn') do %> 
    6:       <span class='purchase-btn-text'>出品する</span>
    7:       <%= image_tag 'icon_camera.png' , size: '185x50' ,class: "purchase-btn-icon" %>
    8:     <% end %>
  
app/views/rentals/index.html.erb:5
Started GET "/" for ::1 at 2022-04-22 21:22:39 +0900
Processing by RentalsController#index as HTML
  Rendering layout layouts/application.html.erb
  Rendering rentals/index.html.erb within layouts/application
  Rendered shared/_header.html.erb (Duration: 3.4ms | Allocations: 1089)
  Rendered shared/_footer.html.erb (Duration: 8.5ms | Allocations: 2361)
  Rendered rentals/index.html.erb within layouts/application (Duration: 16.1ms | Allocations: 3880)
  Rendered layout layouts/application.html.erb (Duration: 19.0ms | Allocations: 3974)
Completed 500 Internal Server Error in 32ms (ActiveRecord: 0.0ms | Allocations: 4857)


  
ActionView::Template::Error (The asset "SympaSee2.png" is not present in the asset pipeline.
):
    1: <div class='footer'>
    2:   <%= link_to image_tag("SympaSee2.png", class:"logo-white"), "/" %>
    3:   <p>© Sympasee</p>
    4: </div>
  
app/views/shared/_footer.html.erb:2
app/views/rentals/index.html.erb:5
Started GET "/" for ::1 at 2022-04-22 21:23:23 +0900
Processing by RentalsController#index as HTML
  Rendering layout layouts/application.html.erb
  Rendering rentals/index.html.erb within layouts/application
  Rendered shared/_header.html.erb (Duration: 1.9ms | Allocations: 1089)
  Rendered shared/_footer.html.erb (Duration: 0.5ms | Allocations: 131)
  Rendered rentals/index.html.erb within layouts/application (Duration: 5.6ms | Allocations: 1643)
  Rendered layout layouts/application.html.erb (Duration: 179.8ms | Allocations: 12404)
Completed 500 Internal Server Error in 192ms (ActiveRecord: 0.0ms | Allocations: 13288)


  
ActionView::Template::Error (undefined method `javascript_pack_tag' for #<ActionView::Base:0x0000000001a9a0>
Did you mean?  javascript_path
               javascript_tag):
    10:     <%# <%= javascript_pack_tag 'application', 'data-turbolinks-track': 'reload' %>
    11:     <%# ↓後で実験してみる。 %>
    12:     <%= stylesheet_link_tag 'application', media: 'all'  %>
    13:     <%= javascript_pack_tag 'application' %>
    14: 
    15:   <body>
    16:     <%= yield %>
  
app/views/layouts/application.html.erb:13
Started GET "/" for ::1 at 2022-04-22 21:24:05 +0900
Processing by RentalsController#index as HTML
  Rendering layout layouts/application.html.erb
  Rendering rentals/index.html.erb within layouts/application
  Rendered shared/_header.html.erb (Duration: 3.0ms | Allocations: 1089)
  Rendered shared/_footer.html.erb (Duration: 0.7ms | Allocations: 129)
  Rendered rentals/index.html.erb within layouts/application (Duration: 9.6ms | Allocations: 1641)
  Rendered layout layouts/application.html.erb (Duration: 18.3ms | Allocations: 3417)
Completed 200 OK in 27ms (Views: 24.7ms | ActiveRecord: 0.0ms | Allocations: 4339)


  
ActionController::RoutingError (No route matches [GET] "/assets/bootstrap"):
  
  
ActionController::RoutingError (No route matches [GET] "/assets/font-awesome-sprockets"):
  
  
ActionController::RoutingError (No route matches [GET] "/assets/font-awesome"):
  
Started GET "/users/sign_in" for ::1 at 2022-04-22 21:24:10 +0900
Processing by Devise::SessionsController#new as HTML
  Rendering layout layouts/application.html.erb
  Rendering devise/sessions/new.html.erb within layouts/application
  Rendered devise/sessions/new.html.erb within layouts/application (Duration: 1157.0ms | Allocations: 168866)
  Rendered layout layouts/application.html.erb (Duration: 1160.9ms | Allocations: 168969)
Completed 500 Internal Server Error in 1214ms (ActiveRecord: 1.8ms | Allocations: 176524)


  
ActionView::Template::Error (undefined method `email' for #<User id: nil, name: "", admin: false, deleted_at: nil, created_at: nil, updated_at: nil>):
    3: <%= form_for(resource, as: resource_name, url: session_path(resource_name)) do |f| %>
    4:   <div class="field">
    5:     <%= f.label :email %><br />
    6:     <%= f.email_field :email, autofocus: true, autocomplete: "email" %>
    7:   </div>
    8: 
    9:   <div class="field">
  
app/views/devise/sessions/new.html.erb:6
app/views/devise/sessions/new.html.erb:3
  
ActionController::RoutingError (No route matches [GET] "/assets/bootstrap"):
  
  
ActionController::RoutingError (No route matches [GET] "/assets/font-awesome-sprockets"):
  
  
ActionController::RoutingError (No route matches [GET] "/assets/font-awesome"):
  
Started GET "/users/sign_up" for ::1 at 2022-04-22 21:24:16 +0900
Processing by Devise::RegistrationsController#new as HTML
  Rendering layout layouts/application.html.erb
  Rendering devise/registrations/new.html.erb within layouts/application
  Rendered devise/shared/_error_messages.html.erb (Duration: 0.5ms | Allocations: 218)
  Rendered devise/registrations/new.html.erb within layouts/application (Duration: 11.7ms | Allocations: 9323)
  Rendered layout layouts/application.html.erb (Duration: 16.5ms | Allocations: 9417)
Completed 500 Internal Server Error in 26ms (ActiveRecord: 0.0ms | Allocations: 10702)


  
ActionView::Template::Error (undefined method `email' for #<User id: nil, name: "", admin: false, deleted_at: nil, created_at: nil, updated_at: nil>):
     5: 
     6:   <div class="field">
     7:     <%= f.label :email %><br />
     8:     <%= f.email_field :email, autofocus: true, autocomplete: "email" %>
     9:   </div>
    10: 
    11:   <div class="field">
  
app/views/devise/registrations/new.html.erb:8
app/views/devise/registrations/new.html.erb:3
  
ActionController::RoutingError (No route matches [GET] "/assets/font-awesome"):
  
Started GET "/users/sign_up" for ::1 at 2022-04-22 21:24:22 +0900
Processing by Devise::RegistrationsController#new as HTML
  Rendering layout layouts/application.html.erb
  Rendering devise/registrations/new.html.erb within layouts/application
  Rendered devise/shared/_error_messages.html.erb (Duration: 0.0ms | Allocations: 23)
  Rendered devise/registrations/new.html.erb within layouts/application (Duration: 8.6ms | Allocations: 8545)
  Rendered layout layouts/application.html.erb (Duration: 9.5ms | Allocations: 8633)
Completed 500 Internal Server Error in 13ms (ActiveRecord: 0.0ms | Allocations: 9247)


  
ActionView::Template::Error (undefined method `email' for #<User id: nil, name: "", admin: false, deleted_at: nil, created_at: nil, updated_at: nil>):
     5: 
     6:   <div class="field">
     7:     <%= f.label :email %><br />
     8:     <%= f.email_field :email, autofocus: true, autocomplete: "email" %>
     9:   </div>
    10: 
    11:   <div class="field">
  
app/views/devise/registrations/new.html.erb:8
app/views/devise/registrations/new.html.erb:3
Started GET "/users/sign_up" for ::1 at 2022-04-22 21:27:07 +0900
Processing by Devise::RegistrationsController#new as HTML
  Rendering layout layouts/application.html.erb
  Rendering devise/registrations/new.html.erb within layouts/application
  Rendered devise/shared/_error_messages.html.erb (Duration: 0.6ms | Allocations: 210)
  Rendered devise/shared/_links.html.erb (Duration: 3.0ms | Allocations: 585)
  Rendered devise/registrations/new.html.erb within layouts/application (Duration: 116.6ms | Allocations: 9508)
  Rendered layout layouts/application.html.erb (Duration: 123.4ms | Allocations: 11250)
Completed 200 OK in 135ms (Views: 132.9ms | ActiveRecord: 0.0ms | Allocations: 12493)


  
ActionController::RoutingError (No route matches [GET] "/assets/bootstrap"):
  
  
ActionController::RoutingError (No route matches [GET] "/assets/font-awesome-sprockets"):
  
  
ActionController::RoutingError (No route matches [GET] "/assets/font-awesome"):
  
Started GET "/users/sign_in" for ::1 at 2022-04-22 21:27:15 +0900
Processing by Devise::SessionsController#new as HTML
  Rendering layout layouts/application.html.erb
  Rendering devise/sessions/new.html.erb within layouts/application
  Rendered devise/shared/_links.html.erb (Duration: 0.7ms | Allocations: 233)
  Rendered devise/sessions/new.html.erb within layouts/application (Duration: 62.5ms | Allocations: 2160)
  Rendered layout layouts/application.html.erb (Duration: 73.2ms | Allocations: 3720)
Completed 200 OK in 84ms (Views: 81.9ms | ActiveRecord: 0.0ms | Allocations: 4797)


  
ActionController::RoutingError (No route matches [GET] "/assets/bootstrap"):
  
  
ActionController::RoutingError (No route matches [GET] "/assets/font-awesome"):
  
  
ActionController::RoutingError (No route matches [GET] "/assets/font-awesome-sprockets"):
  
Started GET "/users/sign_up" for ::1 at 2022-04-22 21:27:40 +0900
Processing by Devise::RegistrationsController#new as HTML
  Rendering layout layouts/application.html.erb
  Rendering devise/registrations/new.html.erb within layouts/application
  Rendered devise/shared/_error_messages.html.erb (Duration: 0.0ms | Allocations: 24)
  Rendered devise/shared/_links.html.erb (Duration: 0.2ms | Allocations: 78)
  Rendered devise/registrations/new.html.erb within layouts/application (Duration: 4.0ms | Allocations: 1022)
  Rendered layout layouts/application.html.erb (Duration: 9.6ms | Allocations: 2425)
Completed 200 OK in 12ms (Views: 10.7ms | ActiveRecord: 0.0ms | Allocations: 3066)


  
ActionController::RoutingError (No route matches [GET] "/assets/bootstrap"):
  
  
ActionController::RoutingError (No route matches [GET] "/assets/font-awesome"):
  
  
ActionController::RoutingError (No route matches [GET] "/assets/font-awesome-sprockets"):
  
Started GET "/users/sign_up" for ::1 at 2022-04-22 21:28:31 +0900
Processing by Devise::RegistrationsController#new as HTML
  Rendering layout layouts/application.html.erb
  Rendering devise/registrations/new.html.erb within layouts/application
  Rendered devise/shared/_error_messages.html.erb (Duration: 1.0ms | Allocations: 210)
  Rendered devise/shared/_links.html.erb (Duration: 1.0ms | Allocations: 478)
  Rendered devise/registrations/new.html.erb within layouts/application (Duration: 8.9ms | Allocations: 2253)
  Rendered layout layouts/application.html.erb (Duration: 15.4ms | Allocations: 3992)
Completed 200 OK in 35ms (Views: 33.6ms | ActiveRecord: 0.0ms | Allocations: 5231)


  
ActionController::RoutingError (No route matches [GET] "/assets/font-awesome-sprockets"):
  
  
ActionController::RoutingError (No route matches [GET] "/assets/bootstrap"):
  
  
ActionController::RoutingError (No route matches [GET] "/assets/font-awesome"):
  
Started GET "/users/sign_up" for ::1 at 2022-04-22 21:28:52 +0900
Processing by Devise::RegistrationsController#new as HTML
  Rendering layout layouts/application.html.erb
  Rendering devise/registrations/new.html.erb within layouts/application
  Rendered devise/shared/_error_messages.html.erb (Duration: 0.1ms | Allocations: 23)
  Rendered devise/shared/_links.html.erb (Duration: 0.2ms | Allocations: 78)
  Rendered devise/registrations/new.html.erb within layouts/application (Duration: 3.2ms | Allocations: 1009)
  Rendered layout layouts/application.html.erb (Duration: 10.7ms | Allocations: 2411)
Completed 200 OK in 13ms (Views: 11.8ms | ActiveRecord: 0.0ms | Allocations: 3066)


  
ActionController::RoutingError (No route matches [GET] "/assets/bootstrap"):
  
  
ActionController::RoutingError (No route matches [GET] "/assets/font-awesome-sprockets"):
  
  
ActionController::RoutingError (No route matches [GET] "/assets/font-awesome"):
  
Started GET "/users/sign_in" for ::1 at 2022-04-22 21:29:00 +0900
Processing by Devise::SessionsController#new as HTML
  Rendering layout layouts/application.html.erb
  Rendering devise/sessions/new.html.erb within layouts/application
  Rendered devise/shared/_links.html.erb (Duration: 0.3ms | Allocations: 134)
  Rendered devise/sessions/new.html.erb within layouts/application (Duration: 4.7ms | Allocations: 1499)
  Rendered layout layouts/application.html.erb (Duration: 12.3ms | Allocations: 3057)
Completed 200 OK in 24ms (Views: 21.8ms | ActiveRecord: 0.0ms | Allocations: 4066)


  
ActionController::RoutingError (No route matches [GET] "/assets/bootstrap"):
  
  
ActionController::RoutingError (No route matches [GET] "/assets/font-awesome-sprockets"):
  
  
ActionController::RoutingError (No route matches [GET] "/assets/font-awesome"):
  
Started GET "/users/sign_up" for ::1 at 2022-04-22 21:29:03 +0900
Processing by Devise::RegistrationsController#new as HTML
  Rendering layout layouts/application.html.erb
  Rendering devise/registrations/new.html.erb within layouts/application
  Rendered devise/shared/_error_messages.html.erb (Duration: 0.1ms | Allocations: 23)
  Rendered devise/shared/_links.html.erb (Duration: 0.2ms | Allocations: 78)
  Rendered devise/registrations/new.html.erb within layouts/application (Duration: 3.2ms | Allocations: 1009)
  Rendered layout layouts/application.html.erb (Duration: 12.1ms | Allocations: 2412)
Completed 200 OK in 16ms (Views: 13.6ms | ActiveRecord: 0.0ms | Allocations: 3058)


  
ActionController::RoutingError (No route matches [GET] "/assets/bootstrap"):
  
  
ActionController::RoutingError (No route matches [GET] "/assets/font-awesome-sprockets"):
  
  
ActionController::RoutingError (No route matches [GET] "/assets/font-awesome"):
  
Started GET "/users/sign_up" for ::1 at 2022-04-22 21:29:17 +0900
Processing by Devise::RegistrationsController#new as HTML
  Rendering layout layouts/application.html.erb
  Rendering devise/registrations/new.html.erb within layouts/application
  Rendered devise/shared/_error_messages.html.erb (Duration: 0.9ms | Allocations: 211)
  Rendered devise/shared/_links.html.erb (Duration: 1.1ms | Allocations: 478)
  Rendered devise/registrations/new.html.erb within layouts/application (Duration: 9.8ms | Allocations: 2256)
  Rendered layout layouts/application.html.erb (Duration: 18.0ms | Allocations: 3995)
Completed 200 OK in 46ms (Views: 42.5ms | ActiveRecord: 0.0ms | Allocations: 5231)


  
ActionController::RoutingError (No route matches [GET] "/assets/bootstrap"):
  
  
ActionController::RoutingError (No route matches [GET] "/assets/font-awesome-sprockets"):
  
  
ActionController::RoutingError (No route matches [GET] "/assets/font-awesome"):
  
Started GET "/users/sign_in" for ::1 at 2022-04-22 21:29:22 +0900
Processing by Devise::SessionsController#new as HTML
  Rendering layout layouts/application.html.erb
  Rendering devise/sessions/new.html.erb within layouts/application
  Rendered devise/shared/_links.html.erb (Duration: 0.5ms | Allocations: 134)
  Rendered devise/sessions/new.html.erb within layouts/application (Duration: 3.9ms | Allocations: 1498)
  Rendered layout layouts/application.html.erb (Duration: 10.1ms | Allocations: 3056)
Completed 200 OK in 22ms (Views: 18.6ms | ActiveRecord: 0.0ms | Allocations: 4128)


  
ActionController::RoutingError (No route matches [GET] "/assets/bootstrap"):
  
  
ActionController::RoutingError (No route matches [GET] "/assets/font-awesome-sprockets"):
  
  
ActionController::RoutingError (No route matches [GET] "/assets/font-awesome"):
  
